{
  "stats": {
    "suites": 1,
    "tests": 1,
    "passes": 1,
    "pending": 0,
    "failures": 0,
    "start": "2023-07-06T18:51:16.804Z",
    "end": "2023-07-06T18:51:25.039Z",
    "duration": 8235,
    "testsRegistered": 1,
    "passPercent": 100,
    "pendingPercent": 0,
    "other": 0,
    "hasOther": false,
    "skipped": 0,
    "hasSkipped": false
  },
  "results": [
    {
      "uuid": "3b875062-dfd9-45f4-95e0-fb5858c8e7ec",
      "title": "",
      "fullFile": "cypress\\e2e\\checkoutProduct.cy.ts",
      "file": "cypress\\e2e\\checkoutProduct.cy.ts",
      "beforeHooks": [],
      "afterHooks": [],
      "tests": [],
      "suites": [
        {
          "uuid": "390e5f37-55d5-4d47-83f6-443b5ff0e688",
          "title": "Checkout product",
          "fullFile": "",
          "file": "",
          "beforeHooks": [],
          "afterHooks": [],
          "tests": [
            {
              "title": "Checkout one product positive case",
              "fullTitle": "Checkout product Checkout one product positive case",
              "timedOut": null,
              "duration": 4529,
              "state": "passed",
              "speed": "fast",
              "pass": true,
              "fail": false,
              "pending": false,
              "context": null,
              "code": "loginPage.login(URL, 'standard_user', 'secret_sauce');\nloginPage.assertLogin();\ndashboardPage.iconCartToClick();\ncartPage.btnCheckout();\ncheckoutInformation.formInformationCheckout('Theresia', 'Rumahorbo', '111111');\ncheckoutOverview.checkOverviewCheckout();\ncheckoutComplete.checkOverviewCheckout();",
              "err": {},
              "uuid": "5eb55c56-1b70-4518-be47-ed7068c211cf",
              "parentUUID": "390e5f37-55d5-4d47-83f6-443b5ff0e688",
              "isHook": false,
              "skipped": false
            }
          ],
          "suites": [],
          "passes": [
            "5eb55c56-1b70-4518-be47-ed7068c211cf"
          ],
          "failures": [],
          "pending": [],
          "skipped": [],
          "duration": 4529,
          "root": false,
          "rootEmpty": false,
          "_timeout": 2000
        }
      ],
      "passes": [],
      "failures": [],
      "pending": [],
      "skipped": [],
      "duration": 0,
      "root": true,
      "rootEmpty": true,
      "_timeout": 2000
    }
  ],
  "meta": {
    "mocha": {
      "version": "7.0.1"
    },
    "mochawesome": {
      "options": {
        "quiet": false,
        "reportFilename": "mochawesome",
        "saveHtml": false,
        "saveJson": true,
        "consoleReporter": "spec",
        "useInlineDiffs": false,
        "code": true
      },
      "version": "7.1.3"
    },
    "marge": {
      "options": {
        "chart": true,
        "overwrite": false,
        "html": false,
        "json": true,
        "reportDir": "cypress/reports"
      },
      "version": "6.2.0"
    }
  }
}